<?xml version="1.0" encoding="UTF-8"?>
<!-- Generated by org.testng.reporters.JUnitReportReporter -->
<testsuite hostname="DESKTOP-I52PJOF" failures="0" tests="2" name="TestLayer.RegisterSucssesPageTest" time="0.313" errors="0" timestamp="2023-07-22T04:39:02 GMT-07:00" skipped="0">
  <testcase classname="TestLayer.RegisterSucssesPageTest" name="captureurlfunctionality" time="0.032"/>
  <system-out/>
  <testcase classname="TestLayer.RegisterSucssesPageTest" name="clickOntheSignUpLinkInSuccessPage" time="0.281"/>
  <system-out/>
</testsuite> <!-- TestLayer.RegisterSucssesPageTest -->
