<?xml version="1.0" encoding="UTF-8"?>
<!-- Generated by org.testng.reporters.JUnitReportReporter -->
<testsuite hostname="DESKTOP-I52PJOF" failures="0" tests="1" name="TestLayer.RegisterPageTest" time="5.410" errors="0" timestamp="2023-07-22T04:39:02 GMT-07:00" skipped="0">
  <testcase classname="TestLayer.RegisterPageTest" name="validateFunctionality" time="5.410"/>
  <system-out/>
</testsuite> <!-- TestLayer.RegisterPageTest -->
